Determining if the pthread_create exist failed with the following output:
Change Dir: /home/usuario/git/ATCSim/build/CMakeFiles/CMakeTmp

Run Build Command:/usr/bin/make "cmTryCompileExec4091453466/fast"
/usr/bin/make -f CMakeFiles/cmTryCompileExec4091453466.dir/build.make CMakeFiles/cmTryCompileExec4091453466.dir/build
make[1]: se ingresa al directorio «/home/usuario/git/ATCSim/build/CMakeFiles/CMakeTmp»
/usr/bin/cmake -E cmake_progress_report /home/usuario/git/ATCSim/build/CMakeFiles/CMakeTmp/CMakeFiles 1
Building C object CMakeFiles/cmTryCompileExec4091453466.dir/CheckSymbolExists.c.o
/usr/bin/cc    -o CMakeFiles/cmTryCompileExec4091453466.dir/CheckSymbolExists.c.o   -c /home/usuario/git/ATCSim/build/CMakeFiles/CMakeTmp/CheckSymbolExists.c
Linking C executable cmTryCompileExec4091453466
/usr/bin/cmake -E cmake_link_script CMakeFiles/cmTryCompileExec4091453466.dir/link.txt --verbose=1
/usr/bin/cc       CMakeFiles/cmTryCompileExec4091453466.dir/CheckSymbolExists.c.o  -o cmTryCompileExec4091453466 -rdynamic 
CMakeFiles/cmTryCompileExec4091453466.dir/CheckSymbolExists.c.o: En la función `main':
CheckSymbolExists.c:(.text+0x16): referencia a `pthread_create' sin definir
collect2: error: ld returned 1 exit status
make[1]: *** [cmTryCompileExec4091453466] Error 1
make[1]: se sale del directorio «/home/usuario/git/ATCSim/build/CMakeFiles/CMakeTmp»
make: *** [cmTryCompileExec4091453466/fast] Error 2

File /home/usuario/git/ATCSim/build/CMakeFiles/CMakeTmp/CheckSymbolExists.c:
/* */
#include <pthread.h>

int main(int argc, char** argv)
{
  (void)argv;
#ifndef pthread_create
  return ((int*)(&pthread_create))[argc];
#else
  (void)argc;
  return 0;
#endif
}

Determining if the function pthread_create exists in the pthreads failed with the following output:
Change Dir: /home/usuario/git/ATCSim/build/CMakeFiles/CMakeTmp

Run Build Command:/usr/bin/make "cmTryCompileExec1127814972/fast"
/usr/bin/make -f CMakeFiles/cmTryCompileExec1127814972.dir/build.make CMakeFiles/cmTryCompileExec1127814972.dir/build
make[1]: se ingresa al directorio «/home/usuario/git/ATCSim/build/CMakeFiles/CMakeTmp»
/usr/bin/cmake -E cmake_progress_report /home/usuario/git/ATCSim/build/CMakeFiles/CMakeTmp/CMakeFiles 1
Building C object CMakeFiles/cmTryCompileExec1127814972.dir/CheckFunctionExists.c.o
/usr/bin/cc   -DCHECK_FUNCTION_EXISTS=pthread_create   -o CMakeFiles/cmTryCompileExec1127814972.dir/CheckFunctionExists.c.o   -c /usr/share/cmake-2.8/Modules/CheckFunctionExists.c
Linking C executable cmTryCompileExec1127814972
/usr/bin/cmake -E cmake_link_script CMakeFiles/cmTryCompileExec1127814972.dir/link.txt --verbose=1
/usr/bin/cc   -DCHECK_FUNCTION_EXISTS=pthread_create    CMakeFiles/cmTryCompileExec1127814972.dir/CheckFunctionExists.c.o  -o cmTryCompileExec1127814972 -rdynamic -lpthreads 
/usr/bin/ld: no se puede encontrar -lpthreads
collect2: error: ld returned 1 exit status
make[1]: *** [cmTryCompileExec1127814972] Error 1
make[1]: se sale del directorio «/home/usuario/git/ATCSim/build/CMakeFiles/CMakeTmp»
make: *** [cmTryCompileExec1127814972/fast] Error 2


